2019-08-30 12:09:07.408  INFO [expense-service,,,] 11920 --- [restartedMain] c.c.c.ConfigServicePropertySourceLocator : Fetching config from server at : http://localhost:8888
2019-08-30 12:09:09.099  INFO [expense-service,,,] 11920 --- [restartedMain] c.c.c.ConfigServicePropertySourceLocator : Connect Timeout Exception on Url - http://localhost:8888. Will be trying the next url if available
2019-08-30 12:09:09.100  WARN [expense-service,,,] 11920 --- [restartedMain] c.c.c.ConfigServicePropertySourceLocator : Could not locate PropertySource: I/O error on GET request for "http://localhost:8888/expense-service/default": Connection refused: connect; nested exception is java.net.ConnectException: Connection refused: connect
2019-08-30 12:09:09.106  INFO [expense-service,,,] 11920 --- [restartedMain] com.ibm.gbs.ems.MainApplication          : No active profile set, falling back to default profiles: default
2019-08-30 12:09:16.579  INFO [expense-service,,,] 11920 --- [restartedMain] .s.d.r.c.RepositoryConfigurationDelegate : Bootstrapping Spring Data repositories in DEFAULT mode.
2019-08-30 12:09:17.098  INFO [expense-service,,,] 11920 --- [restartedMain] .s.d.r.c.RepositoryConfigurationDelegate : Finished Spring Data repository scanning in 491ms. Found 3 repository interfaces.
2019-08-30 12:09:20.145  INFO [expense-service,,,] 11920 --- [restartedMain] o.s.cloud.context.scope.GenericScope     : BeanFactory id=75286c44-1b98-3eec-b95c-bb959641a0b2
2019-08-30 12:09:21.808  INFO [expense-service,,,] 11920 --- [restartedMain] trationDelegate$BeanPostProcessorChecker : Bean 'org.springframework.cloud.autoconfigure.ConfigurationPropertiesRebinderAutoConfiguration' of type [org.springframework.cloud.autoconfigure.ConfigurationPropertiesRebinderAutoConfiguration$$EnhancerBySpringCGLIB$$8fa0e1f4] is not eligible for getting processed by all BeanPostProcessors (for example: not eligible for auto-proxying)
2019-08-30 12:09:26.466  INFO [expense-service,,,] 11920 --- [restartedMain] o.s.b.w.embedded.tomcat.TomcatWebServer  : Tomcat initialized with port(s): 8081 (http)
2019-08-30 12:09:26.653  INFO [expense-service,,,] 11920 --- [restartedMain] o.apache.catalina.core.StandardService   : Starting service [Tomcat]
2019-08-30 12:09:26.656  INFO [expense-service,,,] 11920 --- [restartedMain] org.apache.catalina.core.StandardEngine  : Starting Servlet engine: [Apache Tomcat/9.0.22]
2019-08-30 12:09:35.085  INFO [expense-service,,,] 11920 --- [restartedMain] o.a.c.c.C.[Tomcat].[localhost].[/]       : Initializing Spring embedded WebApplicationContext
2019-08-30 12:09:35.086  INFO [expense-service,,,] 11920 --- [restartedMain] o.s.web.context.ContextLoader            : Root WebApplicationContext: initialization completed in 25941 ms
2019-08-30 12:09:36.022  WARN [expense-service,,,] 11920 --- [restartedMain] c.n.c.sources.URLConfigurationSource     : No URLs will be polled as dynamic configuration sources.
2019-08-30 12:09:36.025  INFO [expense-service,,,] 11920 --- [restartedMain] c.n.c.sources.URLConfigurationSource     : To enable URLs as dynamic configuration sources, define System property archaius.configurationSource.additionalUrls or make config.properties available on classpath.
2019-08-30 12:09:36.104  INFO [expense-service,,,] 11920 --- [restartedMain] c.netflix.config.DynamicPropertyFactory  : DynamicPropertyFactory is initialized with configuration sources: com.netflix.config.ConcurrentCompositeConfiguration@750ecb69
2019-08-30 12:09:52.896  INFO [expense-service,,,] 11920 --- [restartedMain] org.mongodb.driver.cluster               : Cluster created with settings {hosts=[localhost:27017], mode=SINGLE, requiredClusterType=UNKNOWN, serverSelectionTimeout='30000 ms', maxWaitQueueSize=500}
2019-08-30 12:09:53.170  INFO [expense-service,,,] 11920 --- [cluster-ClusterId{value='5d68c4b8e8bd3f2e909a1bef', description='null'}-localhost:27017] org.mongodb.driver.connection            : Opened connection [connectionId{localValue:1, serverValue:1015}] to localhost:27017
2019-08-30 12:09:53.186  INFO [expense-service,,,] 11920 --- [cluster-ClusterId{value='5d68c4b8e8bd3f2e909a1bef', description='null'}-localhost:27017] org.mongodb.driver.cluster               : Monitor thread successfully connected to server with description ServerDescription{address=localhost:27017, type=STANDALONE, state=CONNECTED, ok=true, version=ServerVersion{versionList=[4, 0, 10]}, minWireVersion=0, maxWireVersion=7, maxDocumentSize=16777216, logicalSessionTimeoutMinutes=30, roundTripTimeNanos=6997600}
2019-08-30 12:09:57.946  INFO [expense-service,,,] 11920 --- [restartedMain] o.s.b.d.a.OptionalLiveReloadServer       : LiveReload server is running on port 35729
2019-08-30 12:10:02.154  WARN [expense-service,,,] 11920 --- [restartedMain] c.n.c.sources.URLConfigurationSource     : No URLs will be polled as dynamic configuration sources.
2019-08-30 12:10:02.156  INFO [expense-service,,,] 11920 --- [restartedMain] c.n.c.sources.URLConfigurationSource     : To enable URLs as dynamic configuration sources, define System property archaius.configurationSource.additionalUrls or make config.properties available on classpath.
2019-08-30 12:10:04.519  INFO [expense-service,,,] 11920 --- [restartedMain] o.s.s.concurrent.ThreadPoolTaskExecutor  : Initializing ExecutorService 'applicationTaskExecutor'
2019-08-30 12:10:16.369  INFO [expense-service,,,] 11920 --- [restartedMain] o.s.cloud.commons.util.InetUtils         : Cannot determine local hostname
2019-08-30 12:10:21.193  INFO [expense-service,,,] 11920 --- [restartedMain] o.s.b.a.e.web.EndpointLinksResolver      : Exposing 2 endpoint(s) beneath base path '/actuator'
2019-08-30 12:10:22.291  INFO [expense-service,,,] 11920 --- [restartedMain] o.s.b.w.embedded.tomcat.TomcatWebServer  : Tomcat started on port(s): 8081 (http) with context path ''
2019-08-30 12:10:22.300  INFO [expense-service,,,] 11920 --- [restartedMain] com.ibm.gbs.ems.MainApplication          : Started MainApplication in 87.496 seconds (JVM running for 140.699)
2019-08-30 12:13:56.674  INFO [expense-service,,,] 11920 --- [http-nio-8081-exec-10] o.a.c.c.C.[Tomcat].[localhost].[/]       : Initializing Spring DispatcherServlet 'dispatcherServlet'
2019-08-30 12:13:56.682  INFO [expense-service,,,] 11920 --- [http-nio-8081-exec-10] o.s.web.servlet.DispatcherServlet        : Initializing Servlet 'dispatcherServlet'
2019-08-30 12:13:56.805  INFO [expense-service,,,] 11920 --- [http-nio-8081-exec-10] o.s.web.servlet.DispatcherServlet        : Completed initialization in 119 ms
2019-08-30 12:14:07.250  INFO [expense-service,49de983a03c11df8,49de983a03c11df8,false] 11920 --- [http-nio-8081-exec-10] org.mongodb.driver.connection            : Opened connection [connectionId{localValue:2, serverValue:1024}] to localhost:27017
2019-08-30 12:26:27.994  WARN [expense-service,1e3051b8356eda0b,1e3051b8356eda0b,false] 11920 --- [http-nio-8081-exec-7] .w.s.m.s.DefaultHandlerExceptionResolver : Resolved [org.springframework.web.HttpRequestMethodNotSupportedException: Request method 'POST' not supported]
2019-08-30 12:34:26.329  INFO [expense-service,,,] 11920 --- [RMI TCP Connection(36)-127.0.0.1] inMXBeanRegistrar$SpringApplicationAdmin : Application shutdown requested.
2019-08-30 12:34:26.584  INFO [expense-service,,,] 11920 --- [RMI TCP Connection(36)-127.0.0.1] o.s.s.concurrent.ThreadPoolTaskExecutor  : Shutting down ExecutorService 'applicationTaskExecutor'
2019-08-30 12:34:26.731  INFO [expense-service,,,] 11920 --- [RMI TCP Connection(36)-127.0.0.1] org.mongodb.driver.connection            : Closed connection [connectionId{localValue:2, serverValue:1024}] to localhost:27017 because the pool has been closed.
2019-08-30 12:34:27.580  WARN [expense-service,,,] 11920 --- [AsyncReporter{org.springframework.cloud.sleuth.zipkin2.sender.RestTemplateSender@5ec5e48b}] c.n.c.sources.URLConfigurationSource     : No URLs will be polled as dynamic configuration sources.
2019-08-30 12:34:27.581  INFO [expense-service,,,] 11920 --- [AsyncReporter{org.springframework.cloud.sleuth.zipkin2.sender.RestTemplateSender@5ec5e48b}] c.n.c.sources.URLConfigurationSource     : To enable URLs as dynamic configuration sources, define System property archaius.configurationSource.additionalUrls or make config.properties available on classpath.
2019-08-30 12:34:27.583  INFO [expense-service,,,] 11920 --- [AsyncReporter{org.springframework.cloud.sleuth.zipkin2.sender.RestTemplateSender@5ec5e48b}] c.netflix.config.DynamicPropertyFactory  : DynamicPropertyFactory is initialized with configuration sources: com.netflix.config.ConcurrentCompositeConfiguration@38f07590
2019-08-30 12:34:27.772  WARN [expense-service,,,] 11920 --- [RMI TCP Connection(36)-127.0.0.1] z.r.AsyncReporter$BoundedAsyncReporter   : Timed out waiting for in-flight spans to send
2019-08-30 12:34:28.683  WARN [expense-service,,,] 11920 --- [AsyncReporter{org.springframework.cloud.sleuth.zipkin2.sender.RestTemplateSender@5ec5e48b}] s.c.a.AnnotationConfigApplicationContext : Exception encountered during context initialization - cancelling refresh attempt: org.springframework.beans.factory.UnsatisfiedDependencyException: Error creating bean with name 'httpClient' defined in org.springframework.cloud.netflix.ribbon.apache.HttpClientRibbonConfiguration$ApacheHttpClientConfiguration: Unsatisfied dependency expressed through method 'httpClient' parameter 0; nested exception is org.springframework.beans.factory.BeanCreationException: Error creating bean with name 'httpTracing' defined in class path resource [org/springframework/cloud/sleuth/instrument/web/TraceHttpAutoConfiguration.class]: Bean instantiation via factory method failed; nested exception is org.springframework.beans.BeanInstantiationException: Failed to instantiate [brave.http.HttpTracing]: Factory method 'httpTracing' threw exception; nested exception is org.springframework.beans.factory.BeanCreationException: Error creating bean with name 'healthIndicatorRegistry' defined in class path resource [org/springframework/boot/actuate/autoconfigure/health/HealthIndicatorAutoConfiguration.class]: Bean instantiation via factory method failed; nested exception is org.springframework.beans.BeanInstantiationException: Failed to instantiate [org.springframework.boot.actuate.health.HealthIndicatorRegistry]: Factory method 'healthIndicatorRegistry' threw exception; nested exception is org.springframework.beans.factory.BeanCreationException: Error creating bean with name 'org.springframework.boot.actuate.autoconfigure.mongo.MongoHealthIndicatorAutoConfiguration': Unexpected exception during bean creation; nested exception is org.springframework.beans.factory.NoUniqueBeanDefinitionException: No qualifying bean of type 'java.util.Map<?, ?>' available: expected single matching bean but found 2: systemProperties,systemEnvironment
2019-08-30 12:34:29.101  INFO [expense-service,,,] 11920 --- [RMI TCP Connection(36)-127.0.0.1] o.apache.catalina.core.StandardService   : Stopping service [Tomcat]
2019-08-30 12:34:29.118  INFO [expense-service,,,] 11920 --- [RMI TCP Connection(36)-127.0.0.1] o.a.c.c.C.[Tomcat].[localhost].[/]       : Destroying Spring FrameworkServlet 'dispatcherServlet'
2019-08-30 12:34:29.159  WARN [expense-service,,,] 11920 --- [RMI TCP Connection(36)-127.0.0.1] o.a.c.loader.WebappClassLoaderBase       : The web application [ROOT] appears to have started a thread named [AsyncReporter{org.springframework.cloud.sleuth.zipkin2.sender.RestTemplateSender@75858557}] but has failed to stop it. This is very likely to create a memory leak. Stack trace of thread:
 sun.misc.Unsafe.park(Native Method)
 java.util.concurrent.locks.LockSupport.parkNanos(Unknown Source)
 java.util.concurrent.locks.AbstractQueuedSynchronizer$ConditionObject.awaitNanos(Unknown Source)
 zipkin2.reporter.ByteBoundedQueue.drainTo(ByteBoundedQueue.java:81)
 zipkin2.reporter.AsyncReporter$BoundedAsyncReporter.flush(AsyncReporter.java:257)
 zipkin2.reporter.AsyncReporter$Builder$1.run(AsyncReporter.java:190)
2019-08-30 12:35:24.766  INFO [expense-service,,,] 6988 --- [restartedMain] c.c.c.ConfigServicePropertySourceLocator : Fetching config from server at : http://localhost:8888
2019-08-30 12:35:26.009  INFO [expense-service,,,] 6988 --- [restartedMain] c.c.c.ConfigServicePropertySourceLocator : Connect Timeout Exception on Url - http://localhost:8888. Will be trying the next url if available
2019-08-30 12:35:26.013  WARN [expense-service,,,] 6988 --- [restartedMain] c.c.c.ConfigServicePropertySourceLocator : Could not locate PropertySource: I/O error on GET request for "http://localhost:8888/expense-service/default": Connection refused: connect; nested exception is java.net.ConnectException: Connection refused: connect
2019-08-30 12:35:26.017  INFO [expense-service,,,] 6988 --- [restartedMain] com.ibm.gbs.ems.MainApplication          : No active profile set, falling back to default profiles: default
2019-08-30 12:35:28.650  INFO [expense-service,,,] 6988 --- [restartedMain] .s.d.r.c.RepositoryConfigurationDelegate : Bootstrapping Spring Data repositories in DEFAULT mode.
2019-08-30 12:35:28.826  INFO [expense-service,,,] 6988 --- [restartedMain] .s.d.r.c.RepositoryConfigurationDelegate : Finished Spring Data repository scanning in 162ms. Found 3 repository interfaces.
2019-08-30 12:35:29.731  INFO [expense-service,,,] 6988 --- [restartedMain] o.s.cloud.context.scope.GenericScope     : BeanFactory id=75286c44-1b98-3eec-b95c-bb959641a0b2
2019-08-30 12:35:30.449  INFO [expense-service,,,] 6988 --- [restartedMain] trationDelegate$BeanPostProcessorChecker : Bean 'org.springframework.cloud.autoconfigure.ConfigurationPropertiesRebinderAutoConfiguration' of type [org.springframework.cloud.autoconfigure.ConfigurationPropertiesRebinderAutoConfiguration$$EnhancerBySpringCGLIB$$fc7598] is not eligible for getting processed by all BeanPostProcessors (for example: not eligible for auto-proxying)
2019-08-30 12:35:32.256  INFO [expense-service,,,] 6988 --- [restartedMain] o.s.b.w.embedded.tomcat.TomcatWebServer  : Tomcat initialized with port(s): 8081 (http)
2019-08-30 12:35:32.311  INFO [expense-service,,,] 6988 --- [restartedMain] o.apache.catalina.core.StandardService   : Starting service [Tomcat]
2019-08-30 12:35:32.313  INFO [expense-service,,,] 6988 --- [restartedMain] org.apache.catalina.core.StandardEngine  : Starting Servlet engine: [Apache Tomcat/9.0.22]
2019-08-30 12:35:35.375  INFO [expense-service,,,] 6988 --- [restartedMain] o.a.c.c.C.[Tomcat].[localhost].[/]       : Initializing Spring embedded WebApplicationContext
2019-08-30 12:35:35.376  INFO [expense-service,,,] 6988 --- [restartedMain] o.s.web.context.ContextLoader            : Root WebApplicationContext: initialization completed in 9326 ms
2019-08-30 12:35:35.743  WARN [expense-service,,,] 6988 --- [restartedMain] c.n.c.sources.URLConfigurationSource     : No URLs will be polled as dynamic configuration sources.
2019-08-30 12:35:35.744  INFO [expense-service,,,] 6988 --- [restartedMain] c.n.c.sources.URLConfigurationSource     : To enable URLs as dynamic configuration sources, define System property archaius.configurationSource.additionalUrls or make config.properties available on classpath.
2019-08-30 12:35:35.775  INFO [expense-service,,,] 6988 --- [restartedMain] c.netflix.config.DynamicPropertyFactory  : DynamicPropertyFactory is initialized with configuration sources: com.netflix.config.ConcurrentCompositeConfiguration@41d7ff4b
2019-08-30 12:35:40.916  INFO [expense-service,,,] 6988 --- [restartedMain] org.mongodb.driver.cluster               : Cluster created with settings {hosts=[localhost:27017], mode=SINGLE, requiredClusterType=UNKNOWN, serverSelectionTimeout='30000 ms', maxWaitQueueSize=500}
2019-08-30 12:35:41.059  INFO [expense-service,,,] 6988 --- [cluster-ClusterId{value='5d68cac4e8bd3f1b4cc2471d', description='null'}-localhost:27017] org.mongodb.driver.connection            : Opened connection [connectionId{localValue:1, serverValue:1071}] to localhost:27017
2019-08-30 12:35:41.074  INFO [expense-service,,,] 6988 --- [cluster-ClusterId{value='5d68cac4e8bd3f1b4cc2471d', description='null'}-localhost:27017] org.mongodb.driver.cluster               : Monitor thread successfully connected to server with description ServerDescription{address=localhost:27017, type=STANDALONE, state=CONNECTED, ok=true, version=ServerVersion{versionList=[4, 0, 10]}, minWireVersion=0, maxWireVersion=7, maxDocumentSize=16777216, logicalSessionTimeoutMinutes=30, roundTripTimeNanos=6107500}
2019-08-30 12:35:42.914  INFO [expense-service,,,] 6988 --- [restartedMain] o.s.b.d.a.OptionalLiveReloadServer       : LiveReload server is running on port 35729
2019-08-30 12:35:43.496  WARN [expense-service,,,] 6988 --- [restartedMain] c.n.c.sources.URLConfigurationSource     : No URLs will be polled as dynamic configuration sources.
2019-08-30 12:35:43.497  INFO [expense-service,,,] 6988 --- [restartedMain] c.n.c.sources.URLConfigurationSource     : To enable URLs as dynamic configuration sources, define System property archaius.configurationSource.additionalUrls or make config.properties available on classpath.
2019-08-30 12:35:44.328  INFO [expense-service,,,] 6988 --- [restartedMain] o.s.s.concurrent.ThreadPoolTaskExecutor  : Initializing ExecutorService 'applicationTaskExecutor'
2019-08-30 12:35:49.901  INFO [expense-service,,,] 6988 --- [restartedMain] o.s.cloud.commons.util.InetUtils         : Cannot determine local hostname
2019-08-30 12:35:53.563  INFO [expense-service,,,] 6988 --- [restartedMain] o.s.b.a.e.web.EndpointLinksResolver      : Exposing 2 endpoint(s) beneath base path '/actuator'
2019-08-30 12:35:54.167  INFO [expense-service,,,] 6988 --- [restartedMain] o.s.b.w.embedded.tomcat.TomcatWebServer  : Tomcat started on port(s): 8081 (http) with context path ''
2019-08-30 12:35:54.178  INFO [expense-service,,,] 6988 --- [restartedMain] com.ibm.gbs.ems.MainApplication          : Started MainApplication in 36.921 seconds (JVM running for 80.843)
2019-08-30 12:36:55.279  INFO [expense-service,,,] 6988 --- [http-nio-8081-exec-1] o.a.c.c.C.[Tomcat].[localhost].[/]       : Initializing Spring DispatcherServlet 'dispatcherServlet'
2019-08-30 12:36:55.280  INFO [expense-service,,,] 6988 --- [http-nio-8081-exec-1] o.s.web.servlet.DispatcherServlet        : Initializing Servlet 'dispatcherServlet'
2019-08-30 12:36:55.339  INFO [expense-service,,,] 6988 --- [http-nio-8081-exec-1] o.s.web.servlet.DispatcherServlet        : Completed initialization in 59 ms
2019-08-30 12:36:55.896  INFO [expense-service,7a0457e3723f6b89,7a0457e3723f6b89,false] 6988 --- [http-nio-8081-exec-1] org.mongodb.driver.connection            : Opened connection [connectionId{localValue:2, serverValue:1075}] to localhost:27017
2019-08-30 12:41:36.220  INFO [expense-service,,,] 6988 --- [AsyncReporter{org.springframework.cloud.sleuth.zipkin2.sender.RestTemplateSender@71c24598}] c.netflix.config.ChainedDynamicProperty  : Flipping property: localhost.ribbon.ActiveConnectionsLimit to use NEXT property: niws.loadbalancer.availabilityFilteringRule.activeConnectionsLimit = 2147483647
2019-08-30 12:41:36.353  INFO [expense-service,,,] 6988 --- [AsyncReporter{org.springframework.cloud.sleuth.zipkin2.sender.RestTemplateSender@71c24598}] c.netflix.loadbalancer.BaseLoadBalancer  : Client: localhost instantiated a LoadBalancer: DynamicServerListLoadBalancer:{NFLoadBalancer:name=localhost,current list of Servers=[],Load balancer stats=Zone stats: {},Server stats: []}ServerList:null
2019-08-30 12:41:36.382  INFO [expense-service,,,] 6988 --- [AsyncReporter{org.springframework.cloud.sleuth.zipkin2.sender.RestTemplateSender@71c24598}] c.n.l.DynamicServerListLoadBalancer      : Using serverListUpdater PollingServerListUpdater
2019-08-30 12:41:36.397  INFO [expense-service,,,] 6988 --- [AsyncReporter{org.springframework.cloud.sleuth.zipkin2.sender.RestTemplateSender@71c24598}] c.n.l.DynamicServerListLoadBalancer      : DynamicServerListLoadBalancer for client localhost initialized: DynamicServerListLoadBalancer:{NFLoadBalancer:name=localhost,current list of Servers=[],Load balancer stats=Zone stats: {},Server stats: []}ServerList:com.netflix.loadbalancer.ConfigurationBasedServerList@22f9bab0
2019-08-30 13:23:15.830  INFO [expense-service,,,] 6988 --- [Thread-8] o.s.s.concurrent.ThreadPoolTaskExecutor  : Shutting down ExecutorService 'applicationTaskExecutor'
2019-08-30 13:23:15.886  INFO [expense-service,,,] 6988 --- [Thread-8] org.mongodb.driver.connection            : Closed connection [connectionId{localValue:2, serverValue:1075}] to localhost:27017 because the pool has been closed.
2019-08-30 13:38:33.031  INFO [expense-service,,,] 18192 --- [restartedMain] c.c.c.ConfigServicePropertySourceLocator : Fetching config from server at : http://localhost:8888
2019-08-30 13:38:34.363  INFO [expense-service,,,] 18192 --- [restartedMain] c.c.c.ConfigServicePropertySourceLocator : Connect Timeout Exception on Url - http://localhost:8888. Will be trying the next url if available
2019-08-30 13:38:34.365  WARN [expense-service,,,] 18192 --- [restartedMain] c.c.c.ConfigServicePropertySourceLocator : Could not locate PropertySource: I/O error on GET request for "http://localhost:8888/expense-service/default": Connection refused: connect; nested exception is java.net.ConnectException: Connection refused: connect
2019-08-30 13:38:34.369  INFO [expense-service,,,] 18192 --- [restartedMain] com.ibm.gbs.ems.MainApplication          : No active profile set, falling back to default profiles: default
2019-08-30 13:38:36.750  INFO [expense-service,,,] 18192 --- [restartedMain] .s.d.r.c.RepositoryConfigurationDelegate : Bootstrapping Spring Data repositories in DEFAULT mode.
2019-08-30 13:38:36.893  INFO [expense-service,,,] 18192 --- [restartedMain] .s.d.r.c.RepositoryConfigurationDelegate : Finished Spring Data repository scanning in 134ms. Found 3 repository interfaces.
2019-08-30 13:38:38.055  INFO [expense-service,,,] 18192 --- [restartedMain] o.s.cloud.context.scope.GenericScope     : BeanFactory id=75286c44-1b98-3eec-b95c-bb959641a0b2
2019-08-30 13:38:38.762  INFO [expense-service,,,] 18192 --- [restartedMain] trationDelegate$BeanPostProcessorChecker : Bean 'org.springframework.cloud.autoconfigure.ConfigurationPropertiesRebinderAutoConfiguration' of type [org.springframework.cloud.autoconfigure.ConfigurationPropertiesRebinderAutoConfiguration$$EnhancerBySpringCGLIB$$ba6fa32b] is not eligible for getting processed by all BeanPostProcessors (for example: not eligible for auto-proxying)
2019-08-30 13:38:40.417  INFO [expense-service,,,] 18192 --- [restartedMain] o.s.b.w.embedded.tomcat.TomcatWebServer  : Tomcat initialized with port(s): 8081 (http)
2019-08-30 13:38:40.466  INFO [expense-service,,,] 18192 --- [restartedMain] o.apache.catalina.core.StandardService   : Starting service [Tomcat]
2019-08-30 13:38:40.468  INFO [expense-service,,,] 18192 --- [restartedMain] org.apache.catalina.core.StandardEngine  : Starting Servlet engine: [Apache Tomcat/9.0.22]
2019-08-30 13:38:41.611  INFO [expense-service,,,] 18192 --- [restartedMain] o.a.c.c.C.[Tomcat].[localhost].[/]       : Initializing Spring embedded WebApplicationContext
2019-08-30 13:38:41.611  INFO [expense-service,,,] 18192 --- [restartedMain] o.s.web.context.ContextLoader            : Root WebApplicationContext: initialization completed in 7215 ms
2019-08-30 13:38:41.941  WARN [expense-service,,,] 18192 --- [restartedMain] c.n.c.sources.URLConfigurationSource     : No URLs will be polled as dynamic configuration sources.
2019-08-30 13:38:41.943  INFO [expense-service,,,] 18192 --- [restartedMain] c.n.c.sources.URLConfigurationSource     : To enable URLs as dynamic configuration sources, define System property archaius.configurationSource.additionalUrls or make config.properties available on classpath.
2019-08-30 13:38:41.968  INFO [expense-service,,,] 18192 --- [restartedMain] c.netflix.config.DynamicPropertyFactory  : DynamicPropertyFactory is initialized with configuration sources: com.netflix.config.ConcurrentCompositeConfiguration@34ed7263
2019-08-30 13:38:48.345  INFO [expense-service,,,] 18192 --- [restartedMain] org.mongodb.driver.cluster               : Cluster created with settings {hosts=[localhost:27017], mode=SINGLE, requiredClusterType=UNKNOWN, serverSelectionTimeout='30000 ms', maxWaitQueueSize=500}
2019-08-30 13:38:48.570  INFO [expense-service,,,] 18192 --- [cluster-ClusterId{value='5d68d990eb081b4710bef185', description='null'}-localhost:27017] org.mongodb.driver.connection            : Opened connection [connectionId{localValue:1, serverValue:1200}] to localhost:27017
2019-08-30 13:38:48.589  INFO [expense-service,,,] 18192 --- [cluster-ClusterId{value='5d68d990eb081b4710bef185', description='null'}-localhost:27017] org.mongodb.driver.cluster               : Monitor thread successfully connected to server with description ServerDescription{address=localhost:27017, type=STANDALONE, state=CONNECTED, ok=true, version=ServerVersion{versionList=[4, 0, 10]}, minWireVersion=0, maxWireVersion=7, maxDocumentSize=16777216, logicalSessionTimeoutMinutes=30, roundTripTimeNanos=5454900}
2019-08-30 13:38:50.351  WARN [expense-service,,,] 18192 --- [restartedMain] o.s.b.d.a.OptionalLiveReloadServer       : Unable to start LiveReload server
2019-08-30 13:38:50.816  WARN [expense-service,,,] 18192 --- [restartedMain] c.n.c.sources.URLConfigurationSource     : No URLs will be polled as dynamic configuration sources.
2019-08-30 13:38:50.817  INFO [expense-service,,,] 18192 --- [restartedMain] c.n.c.sources.URLConfigurationSource     : To enable URLs as dynamic configuration sources, define System property archaius.configurationSource.additionalUrls or make config.properties available on classpath.
2019-08-30 13:38:52.000  INFO [expense-service,,,] 18192 --- [restartedMain] o.s.s.concurrent.ThreadPoolTaskExecutor  : Initializing ExecutorService 'applicationTaskExecutor'
2019-08-30 13:38:58.255  INFO [expense-service,,,] 18192 --- [restartedMain] o.s.b.a.e.web.EndpointLinksResolver      : Exposing 2 endpoint(s) beneath base path '/actuator'
2019-08-30 13:38:58.585  INFO [expense-service,,,] 18192 --- [restartedMain] o.s.b.w.embedded.tomcat.TomcatWebServer  : Tomcat started on port(s): 8081 (http) with context path ''
2019-08-30 13:38:58.621  INFO [expense-service,,,] 18192 --- [restartedMain] com.ibm.gbs.ems.MainApplication          : Started MainApplication in 31.84 seconds (JVM running for 48.086)
2019-08-30 14:40:29.322  INFO [expense-service,,,] 18192 --- [RMI TCP Connection(83)-127.0.0.1] inMXBeanRegistrar$SpringApplicationAdmin : Application shutdown requested.
2019-08-30 14:40:29.388  INFO [expense-service,,,] 18192 --- [RMI TCP Connection(83)-127.0.0.1] o.s.s.concurrent.ThreadPoolTaskExecutor  : Shutting down ExecutorService 'applicationTaskExecutor'
2019-08-30 14:40:30.472  WARN [expense-service,,,] 18192 --- [RMI TCP Connection(83)-127.0.0.1] z.r.AsyncReporter$BoundedAsyncReporter   : Timed out waiting for in-flight spans to send
2019-08-30 14:40:30.541  WARN [expense-service,,,] 18192 --- [AsyncReporter{org.springframework.cloud.sleuth.zipkin2.sender.RestTemplateSender@f36fd83}] z.r.AsyncReporter$BoundedAsyncReporter   : Unexpected error flushing spans

java.lang.IllegalStateException: Error processing condition on org.springframework.cloud.commons.httpclient.HttpClientConfiguration$ApacheHttpClientConfiguration.connManFactory
	at org.springframework.boot.autoconfigure.condition.SpringBootCondition.matches(SpringBootCondition.java:60) ~[spring-boot-autoconfigure-2.1.7.RELEASE.jar:2.1.7.RELEASE]
	at org.springframework.context.annotation.ConditionEvaluator.shouldSkip(ConditionEvaluator.java:108) ~[spring-context-5.1.9.RELEASE.jar:5.1.9.RELEASE]
	at org.springframework.context.annotation.ConfigurationClassBeanDefinitionReader.loadBeanDefinitionsForBeanMethod(ConfigurationClassBeanDefinitionReader.java:181) ~[spring-context-5.1.9.RELEASE.jar:5.1.9.RELEASE]
	at org.springframework.context.annotation.ConfigurationClassBeanDefinitionReader.loadBeanDefinitionsForConfigurationClass(ConfigurationClassBeanDefinitionReader.java:141) ~[spring-context-5.1.9.RELEASE.jar:5.1.9.RELEASE]
	at org.springframework.context.annotation.ConfigurationClassBeanDefinitionReader.loadBeanDefinitions(ConfigurationClassBeanDefinitionReader.java:117) ~[spring-context-5.1.9.RELEASE.jar:5.1.9.RELEASE]
	at org.springframework.context.annotation.ConfigurationClassPostProcessor.processConfigBeanDefinitions(ConfigurationClassPostProcessor.java:327) ~[spring-context-5.1.9.RELEASE.jar:5.1.9.RELEASE]
	at org.springframework.context.annotation.ConfigurationClassPostProcessor.postProcessBeanDefinitionRegistry(ConfigurationClassPostProcessor.java:232) ~[spring-context-5.1.9.RELEASE.jar:5.1.9.RELEASE]
	at org.springframework.context.support.PostProcessorRegistrationDelegate.invokeBeanDefinitionRegistryPostProcessors(PostProcessorRegistrationDelegate.java:275) ~[spring-context-5.1.9.RELEASE.jar:5.1.9.RELEASE]
	at org.springframework.context.support.PostProcessorRegistrationDelegate.invokeBeanFactoryPostProcessors(PostProcessorRegistrationDelegate.java:95) ~[spring-context-5.1.9.RELEASE.jar:5.1.9.RELEASE]
	at org.springframework.context.support.AbstractApplicationContext.invokeBeanFactoryPostProcessors(AbstractApplicationContext.java:705) ~[spring-context-5.1.9.RELEASE.jar:5.1.9.RELEASE]
	at org.springframework.context.support.AbstractApplicationContext.refresh(AbstractApplicationContext.java:531) ~[spring-context-5.1.9.RELEASE.jar:5.1.9.RELEASE]
	at org.springframework.cloud.context.named.NamedContextFactory.createContext(NamedContextFactory.java:136) ~[spring-cloud-context-2.1.2.RELEASE.jar:2.1.2.RELEASE]
	at org.springframework.cloud.context.named.NamedContextFactory.getContext(NamedContextFactory.java:101) ~[spring-cloud-context-2.1.2.RELEASE.jar:2.1.2.RELEASE]
	at org.springframework.cloud.netflix.ribbon.SpringClientFactory.getContext(SpringClientFactory.java:131) ~[spring-cloud-netflix-ribbon-2.1.2.RELEASE.jar:2.1.2.RELEASE]
	at org.springframework.cloud.context.named.NamedContextFactory.getInstance(NamedContextFactory.java:145) ~[spring-cloud-context-2.1.2.RELEASE.jar:2.1.2.RELEASE]
	at org.springframework.cloud.netflix.ribbon.SpringClientFactory.getInstance(SpringClientFactory.java:121) ~[spring-cloud-netflix-ribbon-2.1.2.RELEASE.jar:2.1.2.RELEASE]
	at org.springframework.cloud.netflix.ribbon.SpringClientFactory.getLoadBalancer(SpringClientFactory.java:65) ~[spring-cloud-netflix-ribbon-2.1.2.RELEASE.jar:2.1.2.RELEASE]
	at org.springframework.cloud.netflix.ribbon.RibbonLoadBalancerClient.getLoadBalancer(RibbonLoadBalancerClient.java:193) ~[spring-cloud-netflix-ribbon-2.1.2.RELEASE.jar:2.1.2.RELEASE]
	at org.springframework.cloud.netflix.ribbon.RibbonLoadBalancerClient.choose(RibbonLoadBalancerClient.java:88) ~[spring-cloud-netflix-ribbon-2.1.2.RELEASE.jar:2.1.2.RELEASE]
	at org.springframework.cloud.netflix.ribbon.RibbonLoadBalancerClient.choose(RibbonLoadBalancerClient.java:78) ~[spring-cloud-netflix-ribbon-2.1.2.RELEASE.jar:2.1.2.RELEASE]
	at org.springframework.cloud.sleuth.zipkin2.sender.LoadBalancerClientZipkinLoadBalancer.instance(LoadBalancerClientZipkinLoadBalancer.java:43) ~[spring-cloud-sleuth-zipkin-2.1.2.RELEASE.jar:2.1.2.RELEASE]
	at org.springframework.cloud.sleuth.zipkin2.sender.ZipkinRestTemplateSenderConfiguration$1.zipkinUrl(ZipkinRestTemplateSenderConfiguration.java:69) ~[spring-cloud-sleuth-zipkin-2.1.2.RELEASE.jar:2.1.2.RELEASE]
	at org.springframework.cloud.sleuth.zipkin2.sender.ZipkinRestTemplateWrapper.doExecute(ZipkinRestTemplateSenderConfiguration.java:160) ~[spring-cloud-sleuth-zipkin-2.1.2.RELEASE.jar:2.1.2.RELEASE]
	at org.springframework.web.client.RestTemplate.exchange(RestTemplate.java:637) ~[spring-web-5.1.9.RELEASE.jar:5.1.9.RELEASE]
	at org.springframework.cloud.sleuth.zipkin2.sender.RestTemplateSender.post(RestTemplateSender.java:129) ~[spring-cloud-sleuth-zipkin-2.1.2.RELEASE.jar:2.1.2.RELEASE]
	at org.springframework.cloud.sleuth.zipkin2.sender.RestTemplateSender$HttpPostCall.doExecute(RestTemplateSender.java:142) ~[spring-cloud-sleuth-zipkin-2.1.2.RELEASE.jar:2.1.2.RELEASE]
	at org.springframework.cloud.sleuth.zipkin2.sender.RestTemplateSender$HttpPostCall.doExecute(RestTemplateSender.java:132) ~[spring-cloud-sleuth-zipkin-2.1.2.RELEASE.jar:2.1.2.RELEASE]
	at zipkin2.Call$Base.execute(Call.java:379) ~[zipkin-2.14.2.jar:na]
	at zipkin2.reporter.AsyncReporter$BoundedAsyncReporter.flush(AsyncReporter.java:286) ~[zipkin-reporter-2.8.4.jar:na]
	at zipkin2.reporter.AsyncReporter$Builder$1.run(AsyncReporter.java:190) ~[zipkin-reporter-2.8.4.jar:na]
Caused by: org.springframework.beans.factory.NoSuchBeanDefinitionException: No bean named 'autoConfigurationReport' available
	at org.springframework.beans.factory.support.DefaultListableBeanFactory.getBeanDefinition(DefaultListableBeanFactory.java:771) ~[spring-beans-5.1.9.RELEASE.jar:5.1.9.RELEASE]
	at org.springframework.beans.factory.support.AbstractBeanFactory.getMergedLocalBeanDefinition(AbstractBeanFactory.java:1221) ~[spring-beans-5.1.9.RELEASE.jar:5.1.9.RELEASE]
	at org.springframework.beans.factory.support.AbstractBeanFactory.getMergedBeanDefinition(AbstractBeanFactory.java:1008) ~[spring-beans-5.1.9.RELEASE.jar:5.1.9.RELEASE]
	at org.springframework.beans.factory.support.AbstractBeanFactory.getMergedBeanDefinition(AbstractBeanFactory.java:1005) ~[spring-beans-5.1.9.RELEASE.jar:5.1.9.RELEASE]
	at org.springframework.boot.autoconfigure.condition.BeanTypeRegistry.getBeanDefinition(BeanTypeRegistry.java:176) ~[spring-boot-autoconfigure-2.1.7.RELEASE.jar:2.1.7.RELEASE]
	at org.springframework.boot.autoconfigure.condition.BeanTypeRegistry.addBeanTypeForNonAliasDefinition(BeanTypeRegistry.java:154) ~[spring-boot-autoconfigure-2.1.7.RELEASE.jar:2.1.7.RELEASE]
	at org.springframework.boot.autoconfigure.condition.BeanTypeRegistry.addBeanType(BeanTypeRegistry.java:149) ~[spring-boot-autoconfigure-2.1.7.RELEASE.jar:2.1.7.RELEASE]
	at org.springframework.boot.autoconfigure.condition.BeanTypeRegistry.updateTypesIfNecessary(BeanTypeRegistry.java:137) ~[spring-boot-autoconfigure-2.1.7.RELEASE.jar:2.1.7.RELEASE]
	at java.util.Iterator.forEachRemaining(Unknown Source) ~[na:1.8.0_211]
	at org.springframework.boot.autoconfigure.condition.BeanTypeRegistry.updateTypesIfNecessary(BeanTypeRegistry.java:132) ~[spring-boot-autoconfigure-2.1.7.RELEASE.jar:2.1.7.RELEASE]
	at org.springframework.boot.autoconfigure.condition.BeanTypeRegistry.getNamesForType(BeanTypeRegistry.java:96) ~[spring-boot-autoconfigure-2.1.7.RELEASE.jar:2.1.7.RELEASE]
	at org.springframework.boot.autoconfigure.condition.OnBeanCondition.collectBeanNamesForType(OnBeanCondition.java:269) ~[spring-boot-autoconfigure-2.1.7.RELEASE.jar:2.1.7.RELEASE]
	at org.springframework.boot.autoconfigure.condition.OnBeanCondition.collectBeanNamesForType(OnBeanCondition.java:273) ~[spring-boot-autoconfigure-2.1.7.RELEASE.jar:2.1.7.RELEASE]
	at org.springframework.boot.autoconfigure.condition.OnBeanCondition.getBeanNamesForType(OnBeanCondition.java:262) ~[spring-boot-autoconfigure-2.1.7.RELEASE.jar:2.1.7.RELEASE]
	at org.springframework.boot.autoconfigure.condition.OnBeanCondition.getBeanNamesForType(OnBeanCondition.java:251) ~[spring-boot-autoconfigure-2.1.7.RELEASE.jar:2.1.7.RELEASE]
	at org.springframework.boot.autoconfigure.condition.OnBeanCondition.getMatchingBeans(OnBeanCondition.java:171) ~[spring-boot-autoconfigure-2.1.7.RELEASE.jar:2.1.7.RELEASE]
	at org.springframework.boot.autoconfigure.condition.OnBeanCondition.getMatchOutcome(OnBeanCondition.java:145) ~[spring-boot-autoconfigure-2.1.7.RELEASE.jar:2.1.7.RELEASE]
	at org.springframework.boot.autoconfigure.condition.SpringBootCondition.matches(SpringBootCondition.java:47) ~[spring-boot-autoconfigure-2.1.7.RELEASE.jar:2.1.7.RELEASE]
	... 29 common frames omitted

2019-08-30 14:40:32.504  INFO [expense-service,,,] 18192 --- [RMI TCP Connection(83)-127.0.0.1] o.apache.catalina.core.StandardService   : Stopping service [Tomcat]
2019-08-30 14:40:32.556  WARN [expense-service,,,] 18192 --- [RMI TCP Connection(83)-127.0.0.1] o.a.c.loader.WebappClassLoaderBase       : The web application [ROOT] appears to have started a thread named [AsyncReporter{org.springframework.cloud.sleuth.zipkin2.sender.RestTemplateSender@f36fd83}] but has failed to stop it. This is very likely to create a memory leak. Stack trace of thread:
 zipkin2.reporter.AsyncReporter$Builder$1.run(AsyncReporter.java:202)
2019-08-30 14:41:23.819  INFO [expense-service,,,] 20600 --- [restartedMain] c.c.c.ConfigServicePropertySourceLocator : Fetching config from server at : http://localhost:8888
2019-08-30 14:41:25.315  INFO [expense-service,,,] 20600 --- [restartedMain] c.c.c.ConfigServicePropertySourceLocator : Connect Timeout Exception on Url - http://localhost:8888. Will be trying the next url if available
2019-08-30 14:41:25.322  WARN [expense-service,,,] 20600 --- [restartedMain] c.c.c.ConfigServicePropertySourceLocator : Could not locate PropertySource: I/O error on GET request for "http://localhost:8888/expense-service/default": Connection refused: connect; nested exception is java.net.ConnectException: Connection refused: connect
2019-08-30 14:41:25.326  INFO [expense-service,,,] 20600 --- [restartedMain] com.ibm.gbs.ems.MainApplication          : No active profile set, falling back to default profiles: default
2019-08-30 14:41:28.262  INFO [expense-service,,,] 20600 --- [restartedMain] .s.d.r.c.RepositoryConfigurationDelegate : Bootstrapping Spring Data repositories in DEFAULT mode.
2019-08-30 14:41:28.579  INFO [expense-service,,,] 20600 --- [restartedMain] .s.d.r.c.RepositoryConfigurationDelegate : Finished Spring Data repository scanning in 305ms. Found 3 repository interfaces.
2019-08-30 14:41:29.746  INFO [expense-service,,,] 20600 --- [restartedMain] o.s.cloud.context.scope.GenericScope     : BeanFactory id=75286c44-1b98-3eec-b95c-bb959641a0b2
2019-08-30 14:41:30.580  INFO [expense-service,,,] 20600 --- [restartedMain] trationDelegate$BeanPostProcessorChecker : Bean 'org.springframework.cloud.autoconfigure.ConfigurationPropertiesRebinderAutoConfiguration' of type [org.springframework.cloud.autoconfigure.ConfigurationPropertiesRebinderAutoConfiguration$$EnhancerBySpringCGLIB$$9827449f] is not eligible for getting processed by all BeanPostProcessors (for example: not eligible for auto-proxying)
2019-08-30 14:41:32.378  INFO [expense-service,,,] 20600 --- [restartedMain] o.s.b.w.embedded.tomcat.TomcatWebServer  : Tomcat initialized with port(s): 8081 (http)
2019-08-30 14:41:32.425  INFO [expense-service,,,] 20600 --- [restartedMain] o.apache.catalina.core.StandardService   : Starting service [Tomcat]
2019-08-30 14:41:32.427  INFO [expense-service,,,] 20600 --- [restartedMain] org.apache.catalina.core.StandardEngine  : Starting Servlet engine: [Apache Tomcat/9.0.22]
2019-08-30 14:41:32.908  INFO [expense-service,,,] 20600 --- [restartedMain] o.a.c.c.C.[Tomcat].[localhost].[/]       : Initializing Spring embedded WebApplicationContext
2019-08-30 14:41:32.910  INFO [expense-service,,,] 20600 --- [restartedMain] o.s.web.context.ContextLoader            : Root WebApplicationContext: initialization completed in 7539 ms
2019-08-30 14:41:33.832  WARN [expense-service,,,] 20600 --- [restartedMain] c.n.c.sources.URLConfigurationSource     : No URLs will be polled as dynamic configuration sources.
2019-08-30 14:41:33.834  INFO [expense-service,,,] 20600 --- [restartedMain] c.n.c.sources.URLConfigurationSource     : To enable URLs as dynamic configuration sources, define System property archaius.configurationSource.additionalUrls or make config.properties available on classpath.
2019-08-30 14:41:33.871  INFO [expense-service,,,] 20600 --- [restartedMain] c.netflix.config.DynamicPropertyFactory  : DynamicPropertyFactory is initialized with configuration sources: com.netflix.config.ConcurrentCompositeConfiguration@2e990f5c
2019-08-30 14:41:40.155  INFO [expense-service,,,] 20600 --- [restartedMain] org.mongodb.driver.cluster               : Cluster created with settings {hosts=[localhost:27017], mode=SINGLE, requiredClusterType=UNKNOWN, serverSelectionTimeout='30000 ms', maxWaitQueueSize=500}
2019-08-30 14:41:40.276  INFO [expense-service,,,] 20600 --- [cluster-ClusterId{value='5d68e84ce8bd3f50786e9b77', description='null'}-localhost:27017] org.mongodb.driver.connection            : Opened connection [connectionId{localValue:1, serverValue:1318}] to localhost:27017
2019-08-30 14:41:40.311  INFO [expense-service,,,] 20600 --- [cluster-ClusterId{value='5d68e84ce8bd3f50786e9b77', description='null'}-localhost:27017] org.mongodb.driver.cluster               : Monitor thread successfully connected to server with description ServerDescription{address=localhost:27017, type=STANDALONE, state=CONNECTED, ok=true, version=ServerVersion{versionList=[4, 0, 10]}, minWireVersion=0, maxWireVersion=7, maxDocumentSize=16777216, logicalSessionTimeoutMinutes=30, roundTripTimeNanos=5358500}
2019-08-30 14:41:42.499  WARN [expense-service,,,] 20600 --- [restartedMain] o.s.b.d.a.OptionalLiveReloadServer       : Unable to start LiveReload server
2019-08-30 14:41:43.467  WARN [expense-service,,,] 20600 --- [restartedMain] c.n.c.sources.URLConfigurationSource     : No URLs will be polled as dynamic configuration sources.
2019-08-30 14:41:43.469  INFO [expense-service,,,] 20600 --- [restartedMain] c.n.c.sources.URLConfigurationSource     : To enable URLs as dynamic configuration sources, define System property archaius.configurationSource.additionalUrls or make config.properties available on classpath.
2019-08-30 14:41:44.313  INFO [expense-service,,,] 20600 --- [restartedMain] o.s.s.concurrent.ThreadPoolTaskExecutor  : Initializing ExecutorService 'applicationTaskExecutor'
2019-08-30 14:41:49.120  INFO [expense-service,,,] 20600 --- [restartedMain] o.s.cloud.commons.util.InetUtils         : Cannot determine local hostname
2019-08-30 14:41:51.116  INFO [expense-service,,,] 20600 --- [restartedMain] o.s.b.a.e.web.EndpointLinksResolver      : Exposing 2 endpoint(s) beneath base path '/actuator'
2019-08-30 14:41:51.415  INFO [expense-service,,,] 20600 --- [restartedMain] o.s.b.w.embedded.tomcat.TomcatWebServer  : Tomcat started on port(s): 8081 (http) with context path ''
2019-08-30 14:41:51.426  INFO [expense-service,,,] 20600 --- [restartedMain] com.ibm.gbs.ems.MainApplication          : Started MainApplication in 34.342 seconds (JVM running for 60.33)
2019-08-30 14:43:39.806  INFO [expense-service,,,] 20600 --- [http-nio-8081-exec-2] o.a.c.c.C.[Tomcat].[localhost].[/]       : Initializing Spring DispatcherServlet 'dispatcherServlet'
2019-08-30 14:43:39.806  INFO [expense-service,,,] 20600 --- [http-nio-8081-exec-2] o.s.web.servlet.DispatcherServlet        : Initializing Servlet 'dispatcherServlet'
2019-08-30 14:43:39.847  INFO [expense-service,,,] 20600 --- [http-nio-8081-exec-2] o.s.web.servlet.DispatcherServlet        : Completed initialization in 40 ms
2019-08-30 14:43:43.951  INFO [expense-service,17194ed31a4b276a,17194ed31a4b276a,false] 20600 --- [http-nio-8081-exec-1] org.mongodb.driver.connection            : Opened connection [connectionId{localValue:2, serverValue:1325}] to localhost:27017
2019-08-30 14:51:32.158  INFO [expense-service,,,] 20600 --- [AsyncReporter{org.springframework.cloud.sleuth.zipkin2.sender.RestTemplateSender@3a8dfcdd}] c.netflix.config.ChainedDynamicProperty  : Flipping property: localhost.ribbon.ActiveConnectionsLimit to use NEXT property: niws.loadbalancer.availabilityFilteringRule.activeConnectionsLimit = 2147483647
2019-08-30 14:51:32.291  INFO [expense-service,,,] 20600 --- [AsyncReporter{org.springframework.cloud.sleuth.zipkin2.sender.RestTemplateSender@3a8dfcdd}] c.netflix.loadbalancer.BaseLoadBalancer  : Client: localhost instantiated a LoadBalancer: DynamicServerListLoadBalancer:{NFLoadBalancer:name=localhost,current list of Servers=[],Load balancer stats=Zone stats: {},Server stats: []}ServerList:null
2019-08-30 14:51:34.124  INFO [expense-service,,,] 20600 --- [AsyncReporter{org.springframework.cloud.sleuth.zipkin2.sender.RestTemplateSender@3a8dfcdd}] c.n.l.DynamicServerListLoadBalancer      : Using serverListUpdater PollingServerListUpdater
2019-08-30 14:51:34.137  INFO [expense-service,,,] 20600 --- [AsyncReporter{org.springframework.cloud.sleuth.zipkin2.sender.RestTemplateSender@3a8dfcdd}] c.n.l.DynamicServerListLoadBalancer      : DynamicServerListLoadBalancer for client localhost initialized: DynamicServerListLoadBalancer:{NFLoadBalancer:name=localhost,current list of Servers=[],Load balancer stats=Zone stats: {},Server stats: []}ServerList:com.netflix.loadbalancer.ConfigurationBasedServerList@48f41728
